[ 2016-05-20T11:04:31+08:00 ] ::1 /bbs/
INFO: [ app_init ] --START--
INFO: Run Behavior\BuildLiteBehavior [ RunTime:0.000019s ]
INFO: [ app_init ] --END-- [ RunTime:0.006259s ]
NOTIC: [8] Use of undefined constant TURE - assumed 'TURE' C:\AppServ\www\BBS\Application\Home\Conf\config.php 第 18 行.
INFO: [ app_begin ] --START--
INFO: Run Behavior\ReadHtmlCacheBehavior [ RunTime:0.006146s ]
INFO: [ app_begin ] --END-- [ RunTime:0.006222s ]
NOTIC: [8] Undefined index: user_name C:\AppServ\www\BBS\Application\Home\Controller\IndexController.class.php 第 7 行.
INFO: [ view_parse ] --START--
INFO: [ template_filter ] --START--
INFO: Run Behavior\ContentReplaceBehavior [ RunTime:0.000841s ]
INFO: [ template_filter ] --END-- [ RunTime:0.000909s ]
NOTIC: [8] Undefined index: user_name C:\AppServ\www\BBS\Application\Runtime\Cache\Home\2a94b8bda04ff446dcedd42276fc99ee.php 第 123 行.
SQL: SELECT * FROM `bbs_theme` ORDER BY theme_time desc LIMIT 10   [ RunTime:0.0170s ]
SQL: SELECT * FROM `bbs_post` LIMIT 10   [ RunTime:0.0079s ]
SQL: SELECT `comment_detail`,`post_id` FROM `bbs_comment` ORDER BY comment_time desc LIMIT 10   [ RunTime:0.0078s ]
SQL: SELECT * FROM `bbs_annou`  [ RunTime:0.0077s ]
SQL: SELECT a.plates_id,plates_title,moderator_name from bbs_moderator a ,bbs_plates b where a.plates_id = b.plates_id order by a.plates_id [ RunTime:0.0168s ]
SQL: SELECT * FROM `bbs_theme` WHERE ( plates_id=1 )  [ RunTime:0.0008s ]
SQL: SELECT post_title,post_time,user_name,theme_id,post_good,post_bad from bbs_post a,bbs_user b WHERE a.user_id=b.user_id and a.theme_id=2 ORDER BY post_time desc LIMIT 1  [ RunTime:0.0078s ]
SQL: SELECT post_title,post_time,user_name,theme_id,post_good,post_bad from bbs_post a,bbs_user b WHERE a.user_id=b.user_id and a.theme_id=3 ORDER BY post_time desc LIMIT 1  [ RunTime:0.0011s ]
SQL: SELECT post_title,post_time,user_name,theme_id,post_good,post_bad from bbs_post a,bbs_user b WHERE a.user_id=b.user_id and a.theme_id=14 ORDER BY post_time desc LIMIT 1  [ RunTime:0.0006s ]
SQL: SELECT * FROM `bbs_theme` WHERE ( plates_id=1 )  [ RunTime:0.0004s ]
SQL: SELECT post_title,post_time,user_name,theme_id,post_good,post_bad from bbs_post a,bbs_user b WHERE a.user_id=b.user_id and a.theme_id=2 ORDER BY post_time desc LIMIT 1  [ RunTime:0.0003s ]
SQL: SELECT post_title,post_time,user_name,theme_id,post_good,post_bad from bbs_post a,bbs_user b WHERE a.user_id=b.user_id and a.theme_id=3 ORDER BY post_time desc LIMIT 1  [ RunTime:0.0003s ]
SQL: SELECT post_title,post_time,user_name,theme_id,post_good,post_bad from bbs_post a,bbs_user b WHERE a.user_id=b.user_id and a.theme_id=14 ORDER BY post_time desc LIMIT 1  [ RunTime:0.0002s ]
SQL: SELECT * FROM `bbs_theme` WHERE ( plates_id=2 )  [ RunTime:0.0004s ]
SQL: SELECT post_title,post_time,user_name,theme_id,post_good,post_bad from bbs_post a,bbs_user b WHERE a.user_id=b.user_id and a.theme_id=4 ORDER BY post_time desc LIMIT 1  [ RunTime:0.0004s ]
SQL: SELECT post_title,post_time,user_name,theme_id,post_good,post_bad from bbs_post a,bbs_user b WHERE a.user_id=b.user_id and a.theme_id=5 ORDER BY post_time desc LIMIT 1  [ RunTime:0.0004s ]
SQL: SELECT post_title,post_time,user_name,theme_id,post_good,post_bad from bbs_post a,bbs_user b WHERE a.user_id=b.user_id and a.theme_id=7 ORDER BY post_time desc LIMIT 1  [ RunTime:0.0003s ]
SQL: SELECT post_title,post_time,user_name,theme_id,post_good,post_bad from bbs_post a,bbs_user b WHERE a.user_id=b.user_id and a.theme_id=16 ORDER BY post_time desc LIMIT 1  [ RunTime:0.0003s ]
SQL: SELECT * FROM `bbs_theme` WHERE ( plates_id=3 )  [ RunTime:0.0004s ]
SQL: SELECT post_title,post_time,user_name,theme_id,post_good,post_bad from bbs_post a,bbs_user b WHERE a.user_id=b.user_id and a.theme_id=6 ORDER BY post_time desc LIMIT 1  [ RunTime:0.0004s ]
SQL: SELECT post_title,post_time,user_name,theme_id,post_good,post_bad from bbs_post a,bbs_user b WHERE a.user_id=b.user_id and a.theme_id=8 ORDER BY post_time desc LIMIT 1  [ RunTime:0.0003s ]
SQL: SELECT post_title,post_time,user_name,theme_id,post_good,post_bad from bbs_post a,bbs_user b WHERE a.user_id=b.user_id and a.theme_id=10 ORDER BY post_time desc LIMIT 1  [ RunTime:0.0004s ]
SQL: SELECT post_title,post_time,user_name,theme_id,post_good,post_bad from bbs_post a,bbs_user b WHERE a.user_id=b.user_id and a.theme_id=12 ORDER BY post_time desc LIMIT 1  [ RunTime:0.0004s ]
SQL: SELECT post_title,post_time,user_name,theme_id,post_good,post_bad from bbs_post a,bbs_user b WHERE a.user_id=b.user_id and a.theme_id=13 ORDER BY post_time desc LIMIT 1  [ RunTime:0.0003s ]
SQL: SELECT * FROM `bbs_theme` WHERE ( plates_id=4 )  [ RunTime:0.0003s ]
SQL: SELECT post_title,post_time,user_name,theme_id,post_good,post_bad from bbs_post a,bbs_user b WHERE a.user_id=b.user_id and a.theme_id=1 ORDER BY post_time desc LIMIT 1  [ RunTime:0.0003s ]
SQL: SELECT post_title,post_time,user_name,theme_id,post_good,post_bad from bbs_post a,bbs_user b WHERE a.user_id=b.user_id and a.theme_id=9 ORDER BY post_time desc LIMIT 1  [ RunTime:0.0003s ]
SQL: SELECT post_title,post_time,user_name,theme_id,post_good,post_bad from bbs_post a,bbs_user b WHERE a.user_id=b.user_id and a.theme_id=11 ORDER BY post_time desc LIMIT 1  [ RunTime:0.0003s ]
INFO: Run Behavior\ParseTemplateBehavior [ RunTime:0.259482s ]
INFO: [ view_parse ] --END-- [ RunTime:0.259532s ]
INFO: [ view_filter ] --START--
INFO: Run Behavior\WriteHtmlCacheBehavior [ RunTime:0.004250s ]
INFO: [ view_filter ] --END-- [ RunTime:0.004311s ]
INFO: [ app_end ] --START--
INFO: Run Behavior\ShowPageTraceBehavior [ RunTime:0.006043s ]
INFO: [ app_end ] --END-- [ RunTime:0.006195s ]

[ 2016-05-20T11:04:33+08:00 ] ::1 /bbs/index.php/Home/Content/content/platesID/1.html
INFO: [ app_init ] --START--
INFO: Run Behavior\BuildLiteBehavior [ RunTime:0.000016s ]
INFO: [ app_init ] --END-- [ RunTime:0.000536s ]
NOTIC: [8] Use of undefined constant TURE - assumed 'TURE' C:\AppServ\www\BBS\Application\Home\Conf\config.php 第 18 行.
INFO: [ app_begin ] --START--
INFO: Run Behavior\ReadHtmlCacheBehavior [ RunTime:0.000735s ]
INFO: [ app_begin ] --END-- [ RunTime:0.000817s ]
NOTIC: [8] Undefined index: themeID C:\AppServ\www\BBS\Application\Home\Controller\ContentController.class.php 第 8 行.
NOTIC: [8] Undefined index: user_name C:\AppServ\www\BBS\Application\Home\Controller\ContentController.class.php 第 10 行.
INFO: [ view_parse ] --START--
INFO: [ template_filter ] --START--
INFO: Run Behavior\ContentReplaceBehavior [ RunTime:0.000117s ]
INFO: [ template_filter ] --END-- [ RunTime:0.000174s ]
NOTIC: [8] Undefined variable: sessiofo C:\AppServ\www\BBS\Application\Runtime\Cache\Home\88897fb274883615746164bb6d7c15d3.php 第 61 行.
NOTIC: [8] Undefined index: user_name C:\AppServ\www\BBS\Application\Runtime\Cache\Home\88897fb274883615746164bb6d7c15d3.php 第 121 行.
SQL: SELECT * FROM `bbs_plates`  [ RunTime:0.0013s ]
SQL: SELECT * FROM `bbs_theme` WHERE ( plates_id=1 )  [ RunTime:0.0014s ]
SQL: SELECT * FROM `bbs_theme` WHERE ( plates_id=2 )  [ RunTime:0.0005s ]
SQL: SELECT * FROM `bbs_theme` WHERE ( plates_id=3 )  [ RunTime:0.0005s ]
SQL: SELECT * FROM `bbs_theme` WHERE ( plates_id=4 )  [ RunTime:0.0004s ]
SQL: select * from bbs_post a ,bbs_user b where a.user_id=b.user_id and a.theme_id=0 [ RunTime:0.0020s ]
INFO: Run Behavior\ParseTemplateBehavior [ RunTime:0.056275s ]
INFO: [ view_parse ] --END-- [ RunTime:0.056346s ]
INFO: [ view_filter ] --START--
INFO: Run Behavior\WriteHtmlCacheBehavior [ RunTime:0.000607s ]
INFO: [ view_filter ] --END-- [ RunTime:0.000653s ]
INFO: [ app_end ] --START--
INFO: Run Behavior\ShowPageTraceBehavior [ RunTime:0.000836s ]
INFO: [ app_end ] --END-- [ RunTime:0.000914s ]

[ 2016-05-20T11:04:35+08:00 ] ::1 /bbs/index.php/Home/AddPost/addPost.html
INFO: [ app_init ] --START--
INFO: Run Behavior\BuildLiteBehavior [ RunTime:0.000034s ]
INFO: [ app_init ] --END-- [ RunTime:0.000928s ]
NOTIC: [8] Use of undefined constant TURE - assumed 'TURE' C:\AppServ\www\BBS\Application\Home\Conf\config.php 第 18 行.
INFO: [ app_begin ] --START--
INFO: Run Behavior\ReadHtmlCacheBehavior [ RunTime:0.001056s ]
INFO: [ app_begin ] --END-- [ RunTime:0.001215s ]
NOTIC: [8] Undefined index: user_name C:\AppServ\www\BBS\Application\Home\Controller\AddPostController.class.php 第 6 行.
INFO: [ view_parse ] --START--
INFO: [ template_filter ] --START--
INFO: Run Behavior\ContentReplaceBehavior [ RunTime:0.000060s ]
INFO: [ template_filter ] --END-- [ RunTime:0.000135s ]
INFO: Run Behavior\ParseTemplateBehavior [ RunTime:0.013356s ]
INFO: [ view_parse ] --END-- [ RunTime:0.013429s ]
INFO: [ view_filter ] --START--
INFO: Run Behavior\WriteHtmlCacheBehavior [ RunTime:0.000501s ]
INFO: [ view_filter ] --END-- [ RunTime:0.000547s ]
INFO: [ app_end ] --START--
INFO: Run Behavior\ShowPageTraceBehavior [ RunTime:0.000679s ]
INFO: [ app_end ] --END-- [ RunTime:0.000725s ]

[ 2016-05-20T11:04:42+08:00 ] ::1 /bbs/Home/Login/userLogin
INFO: [ app_init ] --START--
INFO: Run Behavior\BuildLiteBehavior [ RunTime:0.000017s ]
INFO: [ app_init ] --END-- [ RunTime:0.000525s ]
NOTIC: [8] Use of undefined constant TURE - assumed 'TURE' C:\AppServ\www\BBS\Application\Home\Conf\config.php 第 18 行.
INFO: [ app_begin ] --START--
INFO: Run Behavior\ReadHtmlCacheBehavior [ RunTime:0.000792s ]
INFO: [ app_begin ] --END-- [ RunTime:0.000891s ]
SQL: SELECT `user_id`,`user_password`,`user_flag` FROM `bbs_user` WHERE ( user_name = 'admin' )  [ RunTime:0.0012s ]
INFO: [ view_parse ] --START--
INFO: [ template_filter ] --START--
INFO: Run Behavior\ContentReplaceBehavior [ RunTime:0.000144s ]
INFO: [ template_filter ] --END-- [ RunTime:0.000202s ]
SQL: SELECT * FROM `bbs_theme` ORDER BY theme_time desc LIMIT 10   [ RunTime:0.0014s ]
SQL: SELECT * FROM `bbs_post` LIMIT 10   [ RunTime:0.0012s ]
SQL: SELECT `comment_detail`,`post_id` FROM `bbs_comment` ORDER BY comment_time desc LIMIT 10   [ RunTime:0.0012s ]
SQL: SELECT * FROM `bbs_annou`  [ RunTime:0.0010s ]
SQL: SELECT a.plates_id,plates_title,moderator_name from bbs_moderator a ,bbs_plates b where a.plates_id = b.plates_id order by a.plates_id [ RunTime:0.0025s ]
SQL: SELECT * FROM `bbs_theme` WHERE ( plates_id=1 )  [ RunTime:0.0005s ]
SQL: SELECT post_title,post_time,user_name,theme_id,post_good,post_bad from bbs_post a,bbs_user b WHERE a.user_id=b.user_id and a.theme_id=2 ORDER BY post_time desc LIMIT 1  [ RunTime:0.0006s ]
SQL: SELECT post_title,post_time,user_name,theme_id,post_good,post_bad from bbs_post a,bbs_user b WHERE a.user_id=b.user_id and a.theme_id=3 ORDER BY post_time desc LIMIT 1  [ RunTime:0.0004s ]
SQL: SELECT post_title,post_time,user_name,theme_id,post_good,post_bad from bbs_post a,bbs_user b WHERE a.user_id=b.user_id and a.theme_id=14 ORDER BY post_time desc LIMIT 1  [ RunTime:0.0005s ]
SQL: SELECT * FROM `bbs_theme` WHERE ( plates_id=1 )  [ RunTime:0.0004s ]
SQL: SELECT post_title,post_time,user_name,theme_id,post_good,post_bad from bbs_post a,bbs_user b WHERE a.user_id=b.user_id and a.theme_id=2 ORDER BY post_time desc LIMIT 1  [ RunTime:0.0004s ]
SQL: SELECT post_title,post_time,user_name,theme_id,post_good,post_bad from bbs_post a,bbs_user b WHERE a.user_id=b.user_id and a.theme_id=3 ORDER BY post_time desc LIMIT 1  [ RunTime:0.0005s ]
SQL: SELECT post_title,post_time,user_name,theme_id,post_good,post_bad from bbs_post a,bbs_user b WHERE a.user_id=b.user_id and a.theme_id=14 ORDER BY post_time desc LIMIT 1  [ RunTime:0.0004s ]
SQL: SELECT * FROM `bbs_theme` WHERE ( plates_id=2 )  [ RunTime:0.0004s ]
SQL: SELECT post_title,post_time,user_name,theme_id,post_good,post_bad from bbs_post a,bbs_user b WHERE a.user_id=b.user_id and a.theme_id=4 ORDER BY post_time desc LIMIT 1  [ RunTime:0.0004s ]
SQL: SELECT post_title,post_time,user_name,theme_id,post_good,post_bad from bbs_post a,bbs_user b WHERE a.user_id=b.user_id and a.theme_id=5 ORDER BY post_time desc LIMIT 1  [ RunTime:0.0003s ]
SQL: SELECT post_title,post_time,user_name,theme_id,post_good,post_bad from bbs_post a,bbs_user b WHERE a.user_id=b.user_id and a.theme_id=7 ORDER BY post_time desc LIMIT 1  [ RunTime:0.0003s ]
SQL: SELECT post_title,post_time,user_name,theme_id,post_good,post_bad from bbs_post a,bbs_user b WHERE a.user_id=b.user_id and a.theme_id=16 ORDER BY post_time desc LIMIT 1  [ RunTime:0.0003s ]
SQL: SELECT * FROM `bbs_theme` WHERE ( plates_id=3 )  [ RunTime:0.0004s ]
SQL: SELECT post_title,post_time,user_name,theme_id,post_good,post_bad from bbs_post a,bbs_user b WHERE a.user_id=b.user_id and a.theme_id=6 ORDER BY post_time desc LIMIT 1  [ RunTime:0.0004s ]
SQL: SELECT post_title,post_time,user_name,theme_id,post_good,post_bad from bbs_post a,bbs_user b WHERE a.user_id=b.user_id and a.theme_id=8 ORDER BY post_time desc LIMIT 1  [ RunTime:0.0004s ]
SQL: SELECT post_title,post_time,user_name,theme_id,post_good,post_bad from bbs_post a,bbs_user b WHERE a.user_id=b.user_id and a.theme_id=10 ORDER BY post_time desc LIMIT 1  [ RunTime:0.0003s ]
SQL: SELECT post_title,post_time,user_name,theme_id,post_good,post_bad from bbs_post a,bbs_user b WHERE a.user_id=b.user_id and a.theme_id=12 ORDER BY post_time desc LIMIT 1  [ RunTime:0.0003s ]
SQL: SELECT post_title,post_time,user_name,theme_id,post_good,post_bad from bbs_post a,bbs_user b WHERE a.user_id=b.user_id and a.theme_id=13 ORDER BY post_time desc LIMIT 1  [ RunTime:0.0003s ]
SQL: SELECT * FROM `bbs_theme` WHERE ( plates_id=4 )  [ RunTime:0.0004s ]
SQL: SELECT post_title,post_time,user_name,theme_id,post_good,post_bad from bbs_post a,bbs_user b WHERE a.user_id=b.user_id and a.theme_id=1 ORDER BY post_time desc LIMIT 1  [ RunTime:0.0003s ]
SQL: SELECT post_title,post_time,user_name,theme_id,post_good,post_bad from bbs_post a,bbs_user b WHERE a.user_id=b.user_id and a.theme_id=9 ORDER BY post_time desc LIMIT 1  [ RunTime:0.0003s ]
SQL: SELECT post_title,post_time,user_name,theme_id,post_good,post_bad from bbs_post a,bbs_user b WHERE a.user_id=b.user_id and a.theme_id=11 ORDER BY post_time desc LIMIT 1  [ RunTime:0.0003s ]
INFO: Run Behavior\ParseTemplateBehavior [ RunTime:0.050971s ]
INFO: [ view_parse ] --END-- [ RunTime:0.051021s ]
INFO: [ view_filter ] --START--
INFO: Run Behavior\WriteHtmlCacheBehavior [ RunTime:0.000658s ]
INFO: [ view_filter ] --END-- [ RunTime:0.000708s ]
INFO: [ app_end ] --START--
INFO: Run Behavior\ShowPageTraceBehavior [ RunTime:0.001239s ]
INFO: [ app_end ] --END-- [ RunTime:0.001335s ]

[ 2016-05-20T11:04:44+08:00 ] ::1 /BBS/index.php/Home/Content/content/platesID/1.html
INFO: [ app_init ] --START--
INFO: Run Behavior\BuildLiteBehavior [ RunTime:0.000016s ]
INFO: [ app_init ] --END-- [ RunTime:0.000536s ]
NOTIC: [8] Use of undefined constant TURE - assumed 'TURE' C:\AppServ\www\BBS\Application\Home\Conf\config.php 第 18 行.
INFO: [ app_begin ] --START--
INFO: Run Behavior\ReadHtmlCacheBehavior [ RunTime:0.000675s ]
INFO: [ app_begin ] --END-- [ RunTime:0.000736s ]
NOTIC: [8] Undefined index: themeID C:\AppServ\www\BBS\Application\Home\Controller\ContentController.class.php 第 8 行.
INFO: [ view_parse ] --START--
INFO: [ template_filter ] --START--
INFO: Run Behavior\ContentReplaceBehavior [ RunTime:0.000123s ]
INFO: [ template_filter ] --END-- [ RunTime:0.000197s ]
NOTIC: [8] Undefined variable: sessiofo C:\AppServ\www\BBS\Application\Runtime\Cache\Home\88897fb274883615746164bb6d7c15d3.php 第 61 行.
SQL: SELECT * FROM `bbs_plates`  [ RunTime:0.0017s ]
SQL: SELECT * FROM `bbs_theme` WHERE ( plates_id=1 )  [ RunTime:0.0018s ]
SQL: SELECT * FROM `bbs_theme` WHERE ( plates_id=2 )  [ RunTime:0.0005s ]
SQL: SELECT * FROM `bbs_theme` WHERE ( plates_id=3 )  [ RunTime:0.0005s ]
SQL: SELECT * FROM `bbs_theme` WHERE ( plates_id=4 )  [ RunTime:0.0004s ]
SQL: select * from bbs_post a ,bbs_user b where a.user_id=b.user_id and a.theme_id=0 [ RunTime:0.0023s ]
INFO: Run Behavior\ParseTemplateBehavior [ RunTime:0.047697s ]
INFO: [ view_parse ] --END-- [ RunTime:0.047746s ]
INFO: [ view_filter ] --START--
INFO: Run Behavior\WriteHtmlCacheBehavior [ RunTime:0.000645s ]
INFO: [ view_filter ] --END-- [ RunTime:0.000702s ]
INFO: [ app_end ] --START--
INFO: Run Behavior\ShowPageTraceBehavior [ RunTime:0.000717s ]
INFO: [ app_end ] --END-- [ RunTime:0.000771s ]

[ 2016-05-20T11:04:45+08:00 ] ::1 /BBS/index.php/Home/AddPost/addPost.html
INFO: [ app_init ] --START--
INFO: Run Behavior\BuildLiteBehavior [ RunTime:0.000023s ]
INFO: [ app_init ] --END-- [ RunTime:0.000743s ]
NOTIC: [8] Use of undefined constant TURE - assumed 'TURE' C:\AppServ\www\BBS\Application\Home\Conf\config.php 第 18 行.
INFO: [ app_begin ] --START--
INFO: Run Behavior\ReadHtmlCacheBehavior [ RunTime:0.000994s ]
INFO: [ app_begin ] --END-- [ RunTime:0.001103s ]
NOTIC: [8] Undefined index: themeID C:\AppServ\www\BBS\Application\Home\Controller\AddPostController.class.php 第 8 行.
INFO: [ view_parse ] --START--
INFO: [ template_filter ] --START--
INFO: Run Behavior\ContentReplaceBehavior [ RunTime:0.000038s ]
INFO: [ template_filter ] --END-- [ RunTime:0.000101s ]
INFO: Run Behavior\ParseTemplateBehavior [ RunTime:0.011026s ]
INFO: [ view_parse ] --END-- [ RunTime:0.011141s ]
INFO: [ view_filter ] --START--
INFO: Run Behavior\WriteHtmlCacheBehavior [ RunTime:0.000530s ]
INFO: [ view_filter ] --END-- [ RunTime:0.000589s ]
INFO: [ app_end ] --START--
INFO: Run Behavior\ShowPageTraceBehavior [ RunTime:0.000806s ]
INFO: [ app_end ] --END-- [ RunTime:0.000860s ]

[ 2016-05-20T11:05:03+08:00 ] ::1 /BBS/index.php/Home/AddPost/addPost.html
INFO: [ app_init ] --START--
INFO: Run Behavior\BuildLiteBehavior [ RunTime:0.000022s ]
INFO: [ app_init ] --END-- [ RunTime:0.000832s ]
NOTIC: [8] Use of undefined constant TURE - assumed 'TURE' C:\AppServ\www\BBS\Application\Home\Conf\config.php 第 18 行.
INFO: [ app_begin ] --START--
INFO: Run Behavior\ReadHtmlCacheBehavior [ RunTime:0.001806s ]
INFO: [ app_begin ] --END-- [ RunTime:0.001904s ]
NOTIC: [8] Undefined index: themeID C:\AppServ\www\BBS\Application\Home\Controller\AddPostController.class.php 第 8 行.
INFO: [ view_parse ] --START--
INFO: [ template_filter ] --START--
INFO: Run Behavior\ContentReplaceBehavior [ RunTime:0.000057s ]
INFO: [ template_filter ] --END-- [ RunTime:0.000125s ]
INFO: Run Behavior\ParseTemplateBehavior [ RunTime:0.007141s ]
INFO: [ view_parse ] --END-- [ RunTime:0.007207s ]
INFO: [ view_filter ] --START--
INFO: Run Behavior\WriteHtmlCacheBehavior [ RunTime:0.000527s ]
INFO: [ view_filter ] --END-- [ RunTime:0.000574s ]
INFO: [ app_end ] --START--
INFO: Run Behavior\ShowPageTraceBehavior [ RunTime:0.000788s ]
INFO: [ app_end ] --END-- [ RunTime:0.000845s ]

[ 2016-05-20T11:05:56+08:00 ] ::1 /BBS/index.php/Home/Login/search
INFO: [ app_init ] --START--
INFO: Run Behavior\BuildLiteBehavior [ RunTime:0.000017s ]
INFO: [ app_init ] --END-- [ RunTime:0.000636s ]
NOTIC: [8] Use of undefined constant TURE - assumed 'TURE' C:\AppServ\www\BBS\Application\Home\Conf\config.php 第 18 行.
INFO: [ app_begin ] --START--
INFO: Run Behavior\ReadHtmlCacheBehavior [ RunTime:0.000943s ]
INFO: [ app_begin ] --END-- [ RunTime:0.001041s ]
ERR: 非法操作:search

[ 2016-05-20T11:06:18+08:00 ] ::1 /BBS/index.php/Home/Content/content/platesID/1.html
INFO: [ app_init ] --START--
INFO: Run Behavior\BuildLiteBehavior [ RunTime:0.000023s ]
INFO: [ app_init ] --END-- [ RunTime:0.000841s ]
NOTIC: [8] Use of undefined constant TURE - assumed 'TURE' C:\AppServ\www\BBS\Application\Home\Conf\config.php 第 18 行.
INFO: [ app_begin ] --START--
INFO: Run Behavior\ReadHtmlCacheBehavior [ RunTime:0.001056s ]
INFO: [ app_begin ] --END-- [ RunTime:0.001138s ]
NOTIC: [8] Undefined index: themeID C:\AppServ\www\BBS\Application\Home\Controller\ContentController.class.php 第 8 行.
INFO: [ view_parse ] --START--
INFO: [ template_filter ] --START--
INFO: Run Behavior\ContentReplaceBehavior [ RunTime:0.000126s ]
INFO: [ template_filter ] --END-- [ RunTime:0.000191s ]
NOTIC: [8] Undefined variable: sessiofo C:\AppServ\www\BBS\Application\Runtime\Cache\Home\88897fb274883615746164bb6d7c15d3.php 第 61 行.
SQL: SELECT * FROM `bbs_plates`  [ RunTime:0.0014s ]
SQL: SELECT * FROM `bbs_theme` WHERE ( plates_id=1 )  [ RunTime:0.0013s ]
SQL: SELECT * FROM `bbs_theme` WHERE ( plates_id=2 )  [ RunTime:0.0004s ]
SQL: SELECT * FROM `bbs_theme` WHERE ( plates_id=3 )  [ RunTime:0.0004s ]
SQL: SELECT * FROM `bbs_theme` WHERE ( plates_id=4 )  [ RunTime:0.0004s ]
SQL: select * from bbs_post a ,bbs_user b where a.user_id=b.user_id and a.theme_id=0 [ RunTime:0.0022s ]
INFO: Run Behavior\ParseTemplateBehavior [ RunTime:0.047918s ]
INFO: [ view_parse ] --END-- [ RunTime:0.047966s ]
INFO: [ view_filter ] --START--
INFO: Run Behavior\WriteHtmlCacheBehavior [ RunTime:0.000635s ]
INFO: [ view_filter ] --END-- [ RunTime:0.000677s ]
INFO: [ app_end ] --START--
INFO: Run Behavior\ShowPageTraceBehavior [ RunTime:0.000931s ]
INFO: [ app_end ] --END-- [ RunTime:0.001033s ]

[ 2016-05-20T11:07:04+08:00 ] ::1 /BBS/index.php/Home/Login/out.html
INFO: [ app_init ] --START--
INFO: Run Behavior\BuildLiteBehavior [ RunTime:0.000022s ]
INFO: [ app_init ] --END-- [ RunTime:0.000831s ]
NOTIC: [8] Use of undefined constant TURE - assumed 'TURE' C:\AppServ\www\BBS\Application\Home\Conf\config.php 第 18 行.
INFO: [ app_begin ] --START--
INFO: Run Behavior\ReadHtmlCacheBehavior [ RunTime:0.001996s ]
INFO: [ app_begin ] --END-- [ RunTime:0.002189s ]
INFO: [ view_parse ] --START--
INFO: [ template_filter ] --START--
INFO: Run Behavior\ContentReplaceBehavior [ RunTime:0.000175s ]
INFO: [ template_filter ] --END-- [ RunTime:0.000251s ]
NOTIC: [8] Undefined variable: sessinfo C:\AppServ\www\BBS\Application\Runtime\Cache\Home\2a94b8bda04ff446dcedd42276fc99ee.php 第 65 行.
NOTIC: [8] Undefined index: user_name C:\AppServ\www\BBS\Application\Runtime\Cache\Home\2a94b8bda04ff446dcedd42276fc99ee.php 第 123 行.
SQL: SELECT * FROM `bbs_theme` ORDER BY theme_time desc LIMIT 10   [ RunTime:0.0014s ]
SQL: SELECT * FROM `bbs_post` LIMIT 10   [ RunTime:0.0016s ]
SQL: SELECT `comment_detail`,`post_id` FROM `bbs_comment` ORDER BY comment_time desc LIMIT 10   [ RunTime:0.0017s ]
SQL: SELECT * FROM `bbs_annou`  [ RunTime:0.0017s ]
SQL: SELECT a.plates_id,plates_title,moderator_name from bbs_moderator a ,bbs_plates b where a.plates_id = b.plates_id order by a.plates_id [ RunTime:0.0029s ]
SQL: SELECT * FROM `bbs_theme` WHERE ( plates_id=1 )  [ RunTime:0.0004s ]
SQL: SELECT post_title,post_time,user_name,theme_id,post_good,post_bad from bbs_post a,bbs_user b WHERE a.user_id=b.user_id and a.theme_id=2 ORDER BY post_time desc LIMIT 1  [ RunTime:0.0013s ]
SQL: SELECT post_title,post_time,user_name,theme_id,post_good,post_bad from bbs_post a,bbs_user b WHERE a.user_id=b.user_id and a.theme_id=3 ORDER BY post_time desc LIMIT 1  [ RunTime:0.0004s ]
SQL: SELECT post_title,post_time,user_name,theme_id,post_good,post_bad from bbs_post a,bbs_user b WHERE a.user_id=b.user_id and a.theme_id=14 ORDER BY post_time desc LIMIT 1  [ RunTime:0.0004s ]
SQL: SELECT * FROM `bbs_theme` WHERE ( plates_id=1 )  [ RunTime:0.0003s ]
SQL: SELECT post_title,post_time,user_name,theme_id,post_good,post_bad from bbs_post a,bbs_user b WHERE a.user_id=b.user_id and a.theme_id=2 ORDER BY post_time desc LIMIT 1  [ RunTime:0.0003s ]
SQL: SELECT post_title,post_time,user_name,theme_id,post_good,post_bad from bbs_post a,bbs_user b WHERE a.user_id=b.user_id and a.theme_id=3 ORDER BY post_time desc LIMIT 1  [ RunTime:0.0004s ]
SQL: SELECT post_title,post_time,user_name,theme_id,post_good,post_bad from bbs_post a,bbs_user b WHERE a.user_id=b.user_id and a.theme_id=14 ORDER BY post_time desc LIMIT 1  [ RunTime:0.0003s ]
SQL: SELECT * FROM `bbs_theme` WHERE ( plates_id=2 )  [ RunTime:0.0003s ]
SQL: SELECT post_title,post_time,user_name,theme_id,post_good,post_bad from bbs_post a,bbs_user b WHERE a.user_id=b.user_id and a.theme_id=4 ORDER BY post_time desc LIMIT 1  [ RunTime:0.0005s ]
SQL: SELECT post_title,post_time,user_name,theme_id,post_good,post_bad from bbs_post a,bbs_user b WHERE a.user_id=b.user_id and a.theme_id=5 ORDER BY post_time desc LIMIT 1  [ RunTime:0.0004s ]
SQL: SELECT post_title,post_time,user_name,theme_id,post_good,post_bad from bbs_post a,bbs_user b WHERE a.user_id=b.user_id and a.theme_id=7 ORDER BY post_time desc LIMIT 1  [ RunTime:0.0003s ]
SQL: SELECT post_title,post_time,user_name,theme_id,post_good,post_bad from bbs_post a,bbs_user b WHERE a.user_id=b.user_id and a.theme_id=16 ORDER BY post_time desc LIMIT 1  [ RunTime:0.0003s ]
SQL: SELECT * FROM `bbs_theme` WHERE ( plates_id=3 )  [ RunTime:0.0003s ]
SQL: SELECT post_title,post_time,user_name,theme_id,post_good,post_bad from bbs_post a,bbs_user b WHERE a.user_id=b.user_id and a.theme_id=6 ORDER BY post_time desc LIMIT 1  [ RunTime:0.0003s ]
SQL: SELECT post_title,post_time,user_name,theme_id,post_good,post_bad from bbs_post a,bbs_user b WHERE a.user_id=b.user_id and a.theme_id=8 ORDER BY post_time desc LIMIT 1  [ RunTime:0.0005s ]
SQL: SELECT post_title,post_time,user_name,theme_id,post_good,post_bad from bbs_post a,bbs_user b WHERE a.user_id=b.user_id and a.theme_id=10 ORDER BY post_time desc LIMIT 1  [ RunTime:0.0005s ]
SQL: SELECT post_title,post_time,user_name,theme_id,post_good,post_bad from bbs_post a,bbs_user b WHERE a.user_id=b.user_id and a.theme_id=12 ORDER BY post_time desc LIMIT 1  [ RunTime:0.0004s ]
SQL: SELECT post_title,post_time,user_name,theme_id,post_good,post_bad from bbs_post a,bbs_user b WHERE a.user_id=b.user_id and a.theme_id=13 ORDER BY post_time desc LIMIT 1  [ RunTime:0.0004s ]
SQL: SELECT * FROM `bbs_theme` WHERE ( plates_id=4 )  [ RunTime:0.0005s ]
SQL: SELECT post_title,post_time,user_name,theme_id,post_good,post_bad from bbs_post a,bbs_user b WHERE a.user_id=b.user_id and a.theme_id=1 ORDER BY post_time desc LIMIT 1  [ RunTime:0.0005s ]
SQL: SELECT post_title,post_time,user_name,theme_id,post_good,post_bad from bbs_post a,bbs_user b WHERE a.user_id=b.user_id and a.theme_id=9 ORDER BY post_time desc LIMIT 1  [ RunTime:0.0005s ]
SQL: SELECT post_title,post_time,user_name,theme_id,post_good,post_bad from bbs_post a,bbs_user b WHERE a.user_id=b.user_id and a.theme_id=11 ORDER BY post_time desc LIMIT 1  [ RunTime:0.0006s ]
INFO: Run Behavior\ParseTemplateBehavior [ RunTime:0.080102s ]
INFO: [ view_parse ] --END-- [ RunTime:0.080201s ]
INFO: [ view_filter ] --START--
INFO: Run Behavior\WriteHtmlCacheBehavior [ RunTime:0.000686s ]
INFO: [ view_filter ] --END-- [ RunTime:0.000745s ]
INFO: [ app_end ] --START--
INFO: Run Behavior\ShowPageTraceBehavior [ RunTime:0.001040s ]
INFO: [ app_end ] --END-- [ RunTime:0.001145s ]

[ 2016-05-20T16:59:52+08:00 ] ::1 /BBS/index.php/Home/Comment/comment/postid/1.html
INFO: [ app_init ] --START--
INFO: Run Behavior\BuildLiteBehavior [ RunTime:0.000018s ]
INFO: [ app_init ] --END-- [ RunTime:0.000576s ]
NOTIC: [8] Use of undefined constant TURE - assumed 'TURE' C:\AppServ\www\BBS\Application\Home\Conf\config.php 第 18 行.
INFO: [ app_begin ] --START--
INFO: Run Behavior\ReadHtmlCacheBehavior [ RunTime:0.000788s ]
INFO: [ app_begin ] --END-- [ RunTime:0.000853s ]
NOTIC: [8] Undefined index: user_name C:\AppServ\www\BBS\Application\Home\Controller\CommentController.class.php 第 8 行.
INFO: [ view_parse ] --START--
INFO: [ template_filter ] --START--
INFO: Run Behavior\ContentReplaceBehavior [ RunTime:0.000134s ]
INFO: [ template_filter ] --END-- [ RunTime:0.000207s ]
NOTIC: [8] Undefined index: user_name C:\AppServ\www\BBS\Application\Runtime\Cache\Home\2ac82684ff79d7d08788b13e17a3c7e1.php 第 124 行.
SQL: select * from bbs_post a ,bbs_user b where a.user_id=b.user_id and a.post_id = 1 [ RunTime:0.0005s ]
SQL: select * from bbs_comment a,bbs_user b where a.user_id = b.user_id and a.post_id = 1 ORDER BY comment_time desc [ RunTime:0.0016s ]
INFO: Run Behavior\ParseTemplateBehavior [ RunTime:0.047026s ]
INFO: [ view_parse ] --END-- [ RunTime:0.047088s ]
INFO: [ view_filter ] --START--
INFO: Run Behavior\WriteHtmlCacheBehavior [ RunTime:0.000543s ]
INFO: [ view_filter ] --END-- [ RunTime:0.000588s ]
INFO: [ app_end ] --START--
INFO: Run Behavior\ShowPageTraceBehavior [ RunTime:0.000848s ]
INFO: [ app_end ] --END-- [ RunTime:0.000924s ]

[ 2016-05-20T16:59:54+08:00 ] ::1 /BBS/index.php/Home/Comment/comment/postid/2.html
INFO: [ app_init ] --START--
INFO: Run Behavior\BuildLiteBehavior [ RunTime:0.000021s ]
INFO: [ app_init ] --END-- [ RunTime:0.000725s ]
NOTIC: [8] Use of undefined constant TURE - assumed 'TURE' C:\AppServ\www\BBS\Application\Home\Conf\config.php 第 18 行.
INFO: [ app_begin ] --START--
INFO: Run Behavior\ReadHtmlCacheBehavior [ RunTime:0.001169s ]
INFO: [ app_begin ] --END-- [ RunTime:0.001298s ]
NOTIC: [8] Undefined index: user_name C:\AppServ\www\BBS\Application\Home\Controller\CommentController.class.php 第 8 行.
INFO: [ view_parse ] --START--
INFO: [ template_filter ] --START--
INFO: Run Behavior\ContentReplaceBehavior [ RunTime:0.000114s ]
INFO: [ template_filter ] --END-- [ RunTime:0.000171s ]
NOTIC: [8] Undefined index: user_name C:\AppServ\www\BBS\Application\Runtime\Cache\Home\2ac82684ff79d7d08788b13e17a3c7e1.php 第 124 行.
SQL: select * from bbs_post a ,bbs_user b where a.user_id=b.user_id and a.post_id = 2 [ RunTime:0.0006s ]
SQL: select * from bbs_comment a,bbs_user b where a.user_id = b.user_id and a.post_id = 2 ORDER BY comment_time desc [ RunTime:0.0015s ]
INFO: Run Behavior\ParseTemplateBehavior [ RunTime:0.029401s ]
INFO: [ view_parse ] --END-- [ RunTime:0.029471s ]
INFO: [ view_filter ] --START--
INFO: Run Behavior\WriteHtmlCacheBehavior [ RunTime:0.000522s ]
INFO: [ view_filter ] --END-- [ RunTime:0.000576s ]
INFO: [ app_end ] --START--
INFO: Run Behavior\ShowPageTraceBehavior [ RunTime:0.001129s ]
INFO: [ app_end ] --END-- [ RunTime:0.001234s ]

[ 2016-05-20T16:59:55+08:00 ] ::1 /BBS/index.php/Home/Comment/comment/postid/3.html
INFO: [ app_init ] --START--
INFO: Run Behavior\BuildLiteBehavior [ RunTime:0.000031s ]
INFO: [ app_init ] --END-- [ RunTime:0.000781s ]
NOTIC: [8] Use of undefined constant TURE - assumed 'TURE' C:\AppServ\www\BBS\Application\Home\Conf\config.php 第 18 行.
INFO: [ app_begin ] --START--
INFO: Run Behavior\ReadHtmlCacheBehavior [ RunTime:0.001005s ]
INFO: [ app_begin ] --END-- [ RunTime:0.001121s ]
NOTIC: [8] Undefined index: user_name C:\AppServ\www\BBS\Application\Home\Controller\CommentController.class.php 第 8 行.
INFO: [ view_parse ] --START--
INFO: [ template_filter ] --START--
INFO: Run Behavior\ContentReplaceBehavior [ RunTime:0.000137s ]
INFO: [ template_filter ] --END-- [ RunTime:0.000198s ]
NOTIC: [8] Undefined index: user_name C:\AppServ\www\BBS\Application\Runtime\Cache\Home\2ac82684ff79d7d08788b13e17a3c7e1.php 第 124 行.
SQL: select * from bbs_post a ,bbs_user b where a.user_id=b.user_id and a.post_id = 3 [ RunTime:0.0006s ]
SQL: select * from bbs_comment a,bbs_user b where a.user_id = b.user_id and a.post_id = 3 ORDER BY comment_time desc [ RunTime:0.0019s ]
INFO: Run Behavior\ParseTemplateBehavior [ RunTime:0.029987s ]
INFO: [ view_parse ] --END-- [ RunTime:0.030047s ]
INFO: [ view_filter ] --START--
INFO: Run Behavior\WriteHtmlCacheBehavior [ RunTime:0.000558s ]
INFO: [ view_filter ] --END-- [ RunTime:0.000605s ]
INFO: [ app_end ] --START--
INFO: Run Behavior\ShowPageTraceBehavior [ RunTime:0.000884s ]
INFO: [ app_end ] --END-- [ RunTime:0.000960s ]

[ 2016-05-20T16:59:59+08:00 ] ::1 /BBS/index.php/Home/Comment/comment/postid/4.html
INFO: [ app_init ] --START--
INFO: Run Behavior\BuildLiteBehavior [ RunTime:0.000018s ]
INFO: [ app_init ] --END-- [ RunTime:0.000652s ]
NOTIC: [8] Use of undefined constant TURE - assumed 'TURE' C:\AppServ\www\BBS\Application\Home\Conf\config.php 第 18 行.
INFO: [ app_begin ] --START--
INFO: Run Behavior\ReadHtmlCacheBehavior [ RunTime:0.000749s ]
INFO: [ app_begin ] --END-- [ RunTime:0.000840s ]
NOTIC: [8] Undefined index: user_name C:\AppServ\www\BBS\Application\Home\Controller\CommentController.class.php 第 8 行.
INFO: [ view_parse ] --START--
INFO: [ template_filter ] --START--
INFO: Run Behavior\ContentReplaceBehavior [ RunTime:0.000115s ]
INFO: [ template_filter ] --END-- [ RunTime:0.000170s ]
NOTIC: [8] Undefined index: user_name C:\AppServ\www\BBS\Application\Runtime\Cache\Home\2ac82684ff79d7d08788b13e17a3c7e1.php 第 124 行.
SQL: select * from bbs_post a ,bbs_user b where a.user_id=b.user_id and a.post_id = 4 [ RunTime:0.0005s ]
SQL: select * from bbs_comment a,bbs_user b where a.user_id = b.user_id and a.post_id = 4 ORDER BY comment_time desc [ RunTime:0.0013s ]
INFO: Run Behavior\ParseTemplateBehavior [ RunTime:0.028918s ]
INFO: [ view_parse ] --END-- [ RunTime:0.028973s ]
INFO: [ view_filter ] --START--
INFO: Run Behavior\WriteHtmlCacheBehavior [ RunTime:0.000554s ]
INFO: [ view_filter ] --END-- [ RunTime:0.000604s ]
INFO: [ app_end ] --START--
INFO: Run Behavior\ShowPageTraceBehavior [ RunTime:0.001170s ]
INFO: [ app_end ] --END-- [ RunTime:0.001248s ]

