[ 2016-06-01T23:07:11+08:00 ] ::1 /bbs/
INFO: [ app_init ] --START--
INFO: Run Behavior\BuildLiteBehavior [ RunTime:0.000019s ]
INFO: [ app_init ] --END-- [ RunTime:0.011865s ]
NOTIC: [8] Use of undefined constant TURE - assumed 'TURE' C:\AppServ\www\BBS\Application\Home\Conf\config.php 第 18 行.
INFO: [ app_begin ] --START--
INFO: Run Behavior\ReadHtmlCacheBehavior [ RunTime:0.011717s ]
INFO: [ app_begin ] --END-- [ RunTime:0.011808s ]
NOTIC: [8] Undefined index: user_name C:\AppServ\www\BBS\Application\Home\Controller\IndexController.class.php 第 7 行.
INFO: [ view_parse ] --START--
INFO: [ template_filter ] --START--
INFO: Run Behavior\ContentReplaceBehavior [ RunTime:0.001014s ]
INFO: [ template_filter ] --END-- [ RunTime:0.001087s ]
NOTIC: [8] Undefined index: user_name C:\AppServ\www\BBS\Application\Runtime\Cache\Home\2a94b8bda04ff446dcedd42276fc99ee.php 第 123 行.
SQL: SELECT * FROM `bbs_theme` ORDER BY theme_time desc LIMIT 10   [ RunTime:0.0239s ]
SQL: SELECT * FROM `bbs_post` LIMIT 10   [ RunTime:0.0084s ]
SQL: SELECT `comment_detail`,`post_id` FROM `bbs_comment` ORDER BY comment_time desc LIMIT 10   [ RunTime:0.0079s ]
SQL: SELECT * FROM `bbs_annou`  [ RunTime:0.0107s ]
SQL: SELECT a.plates_id,plates_title,moderator_name from bbs_moderator a ,bbs_plates b where a.plates_id = b.plates_id order by a.plates_id [ RunTime:0.0177s ]
SQL: SELECT * FROM `bbs_theme` WHERE ( plates_id=1 )  [ RunTime:0.0007s ]
SQL: SELECT post_title,post_time,user_name,theme_id,post_good,post_bad from bbs_post a,bbs_user b WHERE a.user_id=b.user_id and a.theme_id=2 ORDER BY post_time desc LIMIT 1  [ RunTime:0.0094s ]
SQL: SELECT post_title,post_time,user_name,theme_id,post_good,post_bad from bbs_post a,bbs_user b WHERE a.user_id=b.user_id and a.theme_id=3 ORDER BY post_time desc LIMIT 1  [ RunTime:0.0004s ]
SQL: SELECT post_title,post_time,user_name,theme_id,post_good,post_bad from bbs_post a,bbs_user b WHERE a.user_id=b.user_id and a.theme_id=14 ORDER BY post_time desc LIMIT 1  [ RunTime:0.0003s ]
SQL: SELECT * FROM `bbs_theme` WHERE ( plates_id=2 )  [ RunTime:0.0003s ]
SQL: SELECT post_title,post_time,user_name,theme_id,post_good,post_bad from bbs_post a,bbs_user b WHERE a.user_id=b.user_id and a.theme_id=5 ORDER BY post_time desc LIMIT 1  [ RunTime:0.0004s ]
SQL: SELECT post_title,post_time,user_name,theme_id,post_good,post_bad from bbs_post a,bbs_user b WHERE a.user_id=b.user_id and a.theme_id=7 ORDER BY post_time desc LIMIT 1  [ RunTime:0.0003s ]
SQL: SELECT post_title,post_time,user_name,theme_id,post_good,post_bad from bbs_post a,bbs_user b WHERE a.user_id=b.user_id and a.theme_id=16 ORDER BY post_time desc LIMIT 1  [ RunTime:0.0003s ]
SQL: SELECT * FROM `bbs_theme` WHERE ( plates_id=3 )  [ RunTime:0.0003s ]
SQL: SELECT post_title,post_time,user_name,theme_id,post_good,post_bad from bbs_post a,bbs_user b WHERE a.user_id=b.user_id and a.theme_id=6 ORDER BY post_time desc LIMIT 1  [ RunTime:0.0003s ]
SQL: SELECT post_title,post_time,user_name,theme_id,post_good,post_bad from bbs_post a,bbs_user b WHERE a.user_id=b.user_id and a.theme_id=8 ORDER BY post_time desc LIMIT 1  [ RunTime:0.0003s ]
SQL: SELECT post_title,post_time,user_name,theme_id,post_good,post_bad from bbs_post a,bbs_user b WHERE a.user_id=b.user_id and a.theme_id=10 ORDER BY post_time desc LIMIT 1  [ RunTime:0.0003s ]
SQL: SELECT post_title,post_time,user_name,theme_id,post_good,post_bad from bbs_post a,bbs_user b WHERE a.user_id=b.user_id and a.theme_id=12 ORDER BY post_time desc LIMIT 1  [ RunTime:0.0003s ]
SQL: SELECT post_title,post_time,user_name,theme_id,post_good,post_bad from bbs_post a,bbs_user b WHERE a.user_id=b.user_id and a.theme_id=13 ORDER BY post_time desc LIMIT 1  [ RunTime:0.0002s ]
SQL: SELECT * FROM `bbs_theme` WHERE ( plates_id=4 )  [ RunTime:0.0003s ]
SQL: SELECT post_title,post_time,user_name,theme_id,post_good,post_bad from bbs_post a,bbs_user b WHERE a.user_id=b.user_id and a.theme_id=1 ORDER BY post_time desc LIMIT 1  [ RunTime:0.0003s ]
SQL: SELECT post_title,post_time,user_name,theme_id,post_good,post_bad from bbs_post a,bbs_user b WHERE a.user_id=b.user_id and a.theme_id=9 ORDER BY post_time desc LIMIT 1  [ RunTime:0.0003s ]
SQL: SELECT post_title,post_time,user_name,theme_id,post_good,post_bad from bbs_post a,bbs_user b WHERE a.user_id=b.user_id and a.theme_id=11 ORDER BY post_time desc LIMIT 1  [ RunTime:0.0003s ]
INFO: Run Behavior\ParseTemplateBehavior [ RunTime:0.468634s ]
INFO: [ view_parse ] --END-- [ RunTime:0.468686s ]
INFO: [ view_filter ] --START--
INFO: Run Behavior\WriteHtmlCacheBehavior [ RunTime:0.008029s ]
INFO: [ view_filter ] --END-- [ RunTime:0.008091s ]
INFO: [ app_end ] --START--
INFO: Run Behavior\ShowPageTraceBehavior [ RunTime:0.019163s ]
INFO: [ app_end ] --END-- [ RunTime:0.019252s ]

[ 2016-06-01T23:07:13+08:00 ] ::1 /bbs/index.php/Home/Index/search
INFO: [ app_init ] --START--
INFO: Run Behavior\BuildLiteBehavior [ RunTime:0.000023s ]
INFO: [ app_init ] --END-- [ RunTime:0.000736s ]
NOTIC: [8] Use of undefined constant TURE - assumed 'TURE' C:\AppServ\www\BBS\Application\Home\Conf\config.php 第 18 行.
INFO: [ app_begin ] --START--
INFO: Run Behavior\ReadHtmlCacheBehavior [ RunTime:0.001347s ]
INFO: [ app_begin ] --END-- [ RunTime:0.001461s ]
SQL: SELECT `post_id`,`post_title`,`post_detail` FROM `bbs_post` WHERE `post_title` LIKE '%%' OR `post_detail` LIKE '%%'  [ RunTime:0.0022s ]
INFO: [ view_parse ] --START--
INFO: [ template_filter ] --START--
INFO: Run Behavior\ContentReplaceBehavior [ RunTime:0.000063s ]
INFO: [ template_filter ] --END-- [ RunTime:0.000126s ]
INFO: Run Behavior\ParseTemplateBehavior [ RunTime:0.023428s ]
INFO: [ view_parse ] --END-- [ RunTime:0.023530s ]
INFO: [ view_filter ] --START--
INFO: Run Behavior\WriteHtmlCacheBehavior [ RunTime:0.000564s ]
INFO: [ view_filter ] --END-- [ RunTime:0.000613s ]
INFO: [ app_end ] --START--
INFO: Run Behavior\ShowPageTraceBehavior [ RunTime:0.000731s ]
INFO: [ app_end ] --END-- [ RunTime:0.000776s ]

[ 2016-06-01T23:19:25+08:00 ] ::1 /bbs/index.php/Home/Index/search
INFO: [ app_init ] --START--
INFO: Run Behavior\BuildLiteBehavior [ RunTime:0.000031s ]
INFO: [ app_init ] --END-- [ RunTime:0.000814s ]
NOTIC: [8] Use of undefined constant TURE - assumed 'TURE' C:\AppServ\www\BBS\Application\Home\Conf\config.php 第 18 行.
INFO: [ app_begin ] --START--
INFO: Run Behavior\ReadHtmlCacheBehavior [ RunTime:0.001145s ]
INFO: [ app_begin ] --END-- [ RunTime:0.001244s ]
SQL: SELECT `post_id`,`post_title`,`post_detail` FROM `bbs_post` WHERE `post_title` LIKE '%%' OR `post_detail` LIKE '%%'  [ RunTime:0.0016s ]
INFO: [ view_parse ] --START--
INFO: [ template_filter ] --START--
INFO: Run Behavior\ContentReplaceBehavior [ RunTime:0.000063s ]
INFO: [ template_filter ] --END-- [ RunTime:0.000128s ]
INFO: Run Behavior\ParseTemplateBehavior [ RunTime:0.025008s ]
INFO: [ view_parse ] --END-- [ RunTime:0.025101s ]
INFO: [ view_filter ] --START--
INFO: Run Behavior\WriteHtmlCacheBehavior [ RunTime:0.000633s ]
INFO: [ view_filter ] --END-- [ RunTime:0.000708s ]
INFO: [ app_end ] --START--
INFO: Run Behavior\ShowPageTraceBehavior [ RunTime:0.000764s ]
INFO: [ app_end ] --END-- [ RunTime:0.000827s ]

[ 2016-06-01T23:19:28+08:00 ] ::1 /bbs/index.php/Home/Index/search
INFO: [ app_init ] --START--
INFO: Run Behavior\BuildLiteBehavior [ RunTime:0.000027s ]
INFO: [ app_init ] --END-- [ RunTime:0.000814s ]
NOTIC: [8] Use of undefined constant TURE - assumed 'TURE' C:\AppServ\www\BBS\Application\Home\Conf\config.php 第 18 行.
INFO: [ app_begin ] --START--
INFO: Run Behavior\ReadHtmlCacheBehavior [ RunTime:0.000958s ]
INFO: [ app_begin ] --END-- [ RunTime:0.001054s ]
NOTIC: [8] Undefined index: flag C:\AppServ\www\BBS\Application\Home\Controller\IndexController.class.php 第 12 行.
NOTIC: [8] Undefined index: content C:\AppServ\www\BBS\Application\Home\Controller\IndexController.class.php 第 45 行.
SQL: SELECT * FROM `bbs_user` WHERE `user_id` LIKE '%%' OR `user_name` LIKE '%%'  [ RunTime:0.0033s ]
INFO: [ view_parse ] --START--
INFO: [ template_filter ] --START--
INFO: Run Behavior\ContentReplaceBehavior [ RunTime:0.000059s ]
INFO: [ template_filter ] --END-- [ RunTime:0.000126s ]
INFO: Run Behavior\ParseTemplateBehavior [ RunTime:0.008336s ]
INFO: [ view_parse ] --END-- [ RunTime:0.008404s ]
INFO: [ view_filter ] --START--
INFO: Run Behavior\WriteHtmlCacheBehavior [ RunTime:0.000433s ]
INFO: [ view_filter ] --END-- [ RunTime:0.000478s ]
INFO: [ app_end ] --START--
INFO: Run Behavior\ShowPageTraceBehavior [ RunTime:0.000672s ]
INFO: [ app_end ] --END-- [ RunTime:0.000716s ]

