[ 2016-05-04T23:25:06+08:00 ] ::1 /BBS/
INFO: [ app_init ] --START--
INFO: Run Behavior\BuildLiteBehavior [ RunTime:0.000020s ]
INFO: [ app_init ] --END-- [ RunTime:0.054600s ]
NOTIC: [8] Use of undefined constant TURE - assumed 'TURE' D:\AppServ\www\BBS\Application\Home\Conf\config.php 第 18 行.
INFO: [ app_begin ] --START--
INFO: Run Behavior\ReadHtmlCacheBehavior [ RunTime:0.020198s ]
INFO: [ app_begin ] --END-- [ RunTime:0.020269s ]
INFO: [ view_parse ] --START--
INFO: [ template_filter ] --START--
INFO: Run Behavior\ContentReplaceBehavior [ RunTime:0.000889s ]
INFO: [ template_filter ] --END-- [ RunTime:0.000962s ]
SQL: SELECT * FROM `bbs_theme` ORDER BY theme_time desc LIMIT 10   [ RunTime:0.1037s ]
SQL: SELECT * FROM `bbs_post` LIMIT 10   [ RunTime:0.0234s ]
SQL: SELECT `comment_detail`,`post_id` FROM `bbs_comment` ORDER BY comment_time desc LIMIT 10   [ RunTime:0.0231s ]
SQL: SELECT * FROM `bbs_annou`  [ RunTime:0.0190s ]
SQL: SELECT a.plates_id,plates_title,moderator_name from bbs_moderator a ,bbs_plates b where a.plates_id = b.plates_id order by a.plates_id [ RunTime:0.0977s ]
SQL: SELECT * FROM `bbs_theme` WHERE ( plates_id=1 )  [ RunTime:0.0096s ]
SQL: SELECT post_title,post_time,user_name,theme_id,post_good,post_bad from bbs_post a,bbs_user b WHERE a.user_id=b.user_id and a.theme_id=0 ORDER BY post_time desc LIMIT 1  [ RunTime:0.0299s ]
SQL: SELECT post_title,post_time,user_name,theme_id,post_good,post_bad from bbs_post a,bbs_user b WHERE a.user_id=b.user_id and a.theme_id=2 ORDER BY post_time desc LIMIT 1  [ RunTime:0.0007s ]
SQL: SELECT post_title,post_time,user_name,theme_id,post_good,post_bad from bbs_post a,bbs_user b WHERE a.user_id=b.user_id and a.theme_id=3 ORDER BY post_time desc LIMIT 1  [ RunTime:0.0006s ]
SQL: SELECT * FROM `bbs_theme` WHERE ( plates_id=2 )  [ RunTime:0.0005s ]
SQL: SELECT post_title,post_time,user_name,theme_id,post_good,post_bad from bbs_post a,bbs_user b WHERE a.user_id=b.user_id and a.theme_id=4 ORDER BY post_time desc LIMIT 1  [ RunTime:0.0006s ]
SQL: SELECT post_title,post_time,user_name,theme_id,post_good,post_bad from bbs_post a,bbs_user b WHERE a.user_id=b.user_id and a.theme_id=5 ORDER BY post_time desc LIMIT 1  [ RunTime:0.0004s ]
SQL: SELECT post_title,post_time,user_name,theme_id,post_good,post_bad from bbs_post a,bbs_user b WHERE a.user_id=b.user_id and a.theme_id=7 ORDER BY post_time desc LIMIT 1  [ RunTime:0.0004s ]
SQL: SELECT * FROM `bbs_theme` WHERE ( plates_id=3 )  [ RunTime:0.0007s ]
SQL: SELECT post_title,post_time,user_name,theme_id,post_good,post_bad from bbs_post a,bbs_user b WHERE a.user_id=b.user_id and a.theme_id=6 ORDER BY post_time desc LIMIT 1  [ RunTime:0.0005s ]
SQL: SELECT post_title,post_time,user_name,theme_id,post_good,post_bad from bbs_post a,bbs_user b WHERE a.user_id=b.user_id and a.theme_id=8 ORDER BY post_time desc LIMIT 1  [ RunTime:0.0004s ]
SQL: SELECT post_title,post_time,user_name,theme_id,post_good,post_bad from bbs_post a,bbs_user b WHERE a.user_id=b.user_id and a.theme_id=10 ORDER BY post_time desc LIMIT 1  [ RunTime:0.0005s ]
SQL: SELECT post_title,post_time,user_name,theme_id,post_good,post_bad from bbs_post a,bbs_user b WHERE a.user_id=b.user_id and a.theme_id=12 ORDER BY post_time desc LIMIT 1  [ RunTime:0.0004s ]
SQL: SELECT post_title,post_time,user_name,theme_id,post_good,post_bad from bbs_post a,bbs_user b WHERE a.user_id=b.user_id and a.theme_id=13 ORDER BY post_time desc LIMIT 1  [ RunTime:0.0004s ]
SQL: SELECT * FROM `bbs_theme` WHERE ( plates_id=4 )  [ RunTime:0.0004s ]
SQL: SELECT post_title,post_time,user_name,theme_id,post_good,post_bad from bbs_post a,bbs_user b WHERE a.user_id=b.user_id and a.theme_id=1 ORDER BY post_time desc LIMIT 1  [ RunTime:0.0005s ]
SQL: SELECT post_title,post_time,user_name,theme_id,post_good,post_bad from bbs_post a,bbs_user b WHERE a.user_id=b.user_id and a.theme_id=9 ORDER BY post_time desc LIMIT 1  [ RunTime:0.0005s ]
SQL: SELECT post_title,post_time,user_name,theme_id,post_good,post_bad from bbs_post a,bbs_user b WHERE a.user_id=b.user_id and a.theme_id=11 ORDER BY post_time desc LIMIT 1  [ RunTime:0.0005s ]
INFO: Run Behavior\ParseTemplateBehavior [ RunTime:0.637099s ]
INFO: [ view_parse ] --END-- [ RunTime:0.637178s ]
INFO: [ view_filter ] --START--
INFO: Run Behavior\WriteHtmlCacheBehavior [ RunTime:0.025520s ]
INFO: [ view_filter ] --END-- [ RunTime:0.025623s ]
INFO: [ app_end ] --START--
INFO: Run Behavior\ShowPageTraceBehavior [ RunTime:0.015998s ]
INFO: [ app_end ] --END-- [ RunTime:0.016103s ]

[ 2016-05-04T23:25:35+08:00 ] ::1 /BBS/Home/Login/userLogin
INFO: [ app_init ] --START--
INFO: Run Behavior\BuildLiteBehavior [ RunTime:0.000030s ]
INFO: [ app_init ] --END-- [ RunTime:0.000962s ]
NOTIC: [8] Use of undefined constant TURE - assumed 'TURE' D:\AppServ\www\BBS\Application\Home\Conf\config.php 第 18 行.
INFO: [ app_begin ] --START--
INFO: Run Behavior\ReadHtmlCacheBehavior [ RunTime:0.001062s ]
INFO: [ app_begin ] --END-- [ RunTime:0.001149s ]
SQL: SELECT `user_password` FROM `bbs_user` WHERE ( user_name = 'admin' )  [ RunTime:0.0037s ]
INFO: [ view_parse ] --START--
INFO: [ template_filter ] --START--
INFO: Run Behavior\ContentReplaceBehavior [ RunTime:0.000123s ]
INFO: [ template_filter ] --END-- [ RunTime:0.000183s ]
SQL: SELECT * FROM `bbs_theme` ORDER BY theme_time desc LIMIT 10   [ RunTime:0.0016s ]
SQL: SELECT * FROM `bbs_post` LIMIT 10   [ RunTime:0.0021s ]
SQL: SELECT `comment_detail`,`post_id` FROM `bbs_comment` ORDER BY comment_time desc LIMIT 10   [ RunTime:0.0012s ]
SQL: SELECT * FROM `bbs_annou`  [ RunTime:0.0012s ]
SQL: SELECT a.plates_id,plates_title,moderator_name from bbs_moderator a ,bbs_plates b where a.plates_id = b.plates_id order by a.plates_id [ RunTime:0.0022s ]
SQL: SELECT * FROM `bbs_theme` WHERE ( plates_id=1 )  [ RunTime:0.0004s ]
SQL: SELECT post_title,post_time,user_name,theme_id,post_good,post_bad from bbs_post a,bbs_user b WHERE a.user_id=b.user_id and a.theme_id=0 ORDER BY post_time desc LIMIT 1  [ RunTime:0.0005s ]
SQL: SELECT post_title,post_time,user_name,theme_id,post_good,post_bad from bbs_post a,bbs_user b WHERE a.user_id=b.user_id and a.theme_id=2 ORDER BY post_time desc LIMIT 1  [ RunTime:0.0004s ]
SQL: SELECT post_title,post_time,user_name,theme_id,post_good,post_bad from bbs_post a,bbs_user b WHERE a.user_id=b.user_id and a.theme_id=3 ORDER BY post_time desc LIMIT 1  [ RunTime:0.0004s ]
SQL: SELECT * FROM `bbs_theme` WHERE ( plates_id=2 )  [ RunTime:0.0003s ]
SQL: SELECT post_title,post_time,user_name,theme_id,post_good,post_bad from bbs_post a,bbs_user b WHERE a.user_id=b.user_id and a.theme_id=4 ORDER BY post_time desc LIMIT 1  [ RunTime:0.0003s ]
SQL: SELECT post_title,post_time,user_name,theme_id,post_good,post_bad from bbs_post a,bbs_user b WHERE a.user_id=b.user_id and a.theme_id=5 ORDER BY post_time desc LIMIT 1  [ RunTime:0.0004s ]
SQL: SELECT post_title,post_time,user_name,theme_id,post_good,post_bad from bbs_post a,bbs_user b WHERE a.user_id=b.user_id and a.theme_id=7 ORDER BY post_time desc LIMIT 1  [ RunTime:0.0004s ]
SQL: SELECT * FROM `bbs_theme` WHERE ( plates_id=3 )  [ RunTime:0.0003s ]
SQL: SELECT post_title,post_time,user_name,theme_id,post_good,post_bad from bbs_post a,bbs_user b WHERE a.user_id=b.user_id and a.theme_id=6 ORDER BY post_time desc LIMIT 1  [ RunTime:0.0003s ]
SQL: SELECT post_title,post_time,user_name,theme_id,post_good,post_bad from bbs_post a,bbs_user b WHERE a.user_id=b.user_id and a.theme_id=8 ORDER BY post_time desc LIMIT 1  [ RunTime:0.0003s ]
SQL: SELECT post_title,post_time,user_name,theme_id,post_good,post_bad from bbs_post a,bbs_user b WHERE a.user_id=b.user_id and a.theme_id=10 ORDER BY post_time desc LIMIT 1  [ RunTime:0.0004s ]
SQL: SELECT post_title,post_time,user_name,theme_id,post_good,post_bad from bbs_post a,bbs_user b WHERE a.user_id=b.user_id and a.theme_id=12 ORDER BY post_time desc LIMIT 1  [ RunTime:0.0003s ]
SQL: SELECT post_title,post_time,user_name,theme_id,post_good,post_bad from bbs_post a,bbs_user b WHERE a.user_id=b.user_id and a.theme_id=13 ORDER BY post_time desc LIMIT 1  [ RunTime:0.0003s ]
SQL: SELECT * FROM `bbs_theme` WHERE ( plates_id=4 )  [ RunTime:0.0003s ]
SQL: SELECT post_title,post_time,user_name,theme_id,post_good,post_bad from bbs_post a,bbs_user b WHERE a.user_id=b.user_id and a.theme_id=1 ORDER BY post_time desc LIMIT 1  [ RunTime:0.0004s ]
SQL: SELECT post_title,post_time,user_name,theme_id,post_good,post_bad from bbs_post a,bbs_user b WHERE a.user_id=b.user_id and a.theme_id=9 ORDER BY post_time desc LIMIT 1  [ RunTime:0.0003s ]
SQL: SELECT post_title,post_time,user_name,theme_id,post_good,post_bad from bbs_post a,bbs_user b WHERE a.user_id=b.user_id and a.theme_id=11 ORDER BY post_time desc LIMIT 1  [ RunTime:0.0003s ]
INFO: Run Behavior\ParseTemplateBehavior [ RunTime:0.087589s ]
INFO: [ view_parse ] --END-- [ RunTime:0.087690s ]
INFO: [ view_filter ] --START--
INFO: Run Behavior\WriteHtmlCacheBehavior [ RunTime:0.000655s ]
INFO: [ view_filter ] --END-- [ RunTime:0.000699s ]
INFO: [ app_end ] --START--
INFO: Run Behavior\ShowPageTraceBehavior [ RunTime:0.000961s ]
INFO: [ app_end ] --END-- [ RunTime:0.001035s ]

[ 2016-05-04T23:25:37+08:00 ] ::1 /BBS/index.php/Home/Userindex/personalSpace.html
INFO: [ app_init ] --START--
INFO: Run Behavior\BuildLiteBehavior [ RunTime:0.000020s ]
INFO: [ app_init ] --END-- [ RunTime:0.000646s ]
NOTIC: [8] Use of undefined constant TURE - assumed 'TURE' D:\AppServ\www\BBS\Application\Home\Conf\config.php 第 18 行.
INFO: [ app_begin ] --START--
INFO: Run Behavior\ReadHtmlCacheBehavior [ RunTime:0.000773s ]
INFO: [ app_begin ] --END-- [ RunTime:0.000847s ]
INFO: [ view_parse ] --START--
INFO: [ template_filter ] --START--
INFO: Run Behavior\ContentReplaceBehavior [ RunTime:0.000068s ]
INFO: [ template_filter ] --END-- [ RunTime:0.000124s ]
INFO: Run Behavior\ParseTemplateBehavior [ RunTime:0.033370s ]
INFO: [ view_parse ] --END-- [ RunTime:0.033442s ]
INFO: [ view_filter ] --START--
INFO: Run Behavior\WriteHtmlCacheBehavior [ RunTime:0.000404s ]
INFO: [ view_filter ] --END-- [ RunTime:0.000444s ]
INFO: [ app_end ] --START--
INFO: Run Behavior\ShowPageTraceBehavior [ RunTime:0.000618s ]
INFO: [ app_end ] --END-- [ RunTime:0.000659s ]

[ 2016-05-04T23:25:49+08:00 ] ::1 /BBS/index.php/Home/Userindex/personalPost.html
INFO: [ app_init ] --START--
INFO: Run Behavior\BuildLiteBehavior [ RunTime:0.000020s ]
INFO: [ app_init ] --END-- [ RunTime:0.000656s ]
NOTIC: [8] Use of undefined constant TURE - assumed 'TURE' D:\AppServ\www\BBS\Application\Home\Conf\config.php 第 18 行.
INFO: [ app_begin ] --START--
INFO: Run Behavior\ReadHtmlCacheBehavior [ RunTime:0.000629s ]
INFO: [ app_begin ] --END-- [ RunTime:0.000691s ]
INFO: [ view_parse ] --START--
INFO: [ template_filter ] --START--
INFO: Run Behavior\ContentReplaceBehavior [ RunTime:0.000062s ]
INFO: [ template_filter ] --END-- [ RunTime:0.000117s ]
SQL: select * from bbs_user a ,bbs_post b where a.user_id = b.user_id and a.user_name = 'admin' [ RunTime:0.0070s ]
SQL: select * from bbs_theme a ,bbs_plates b where a.plates_id = b.plates_id and a.theme_id in (SELECT theme_id from bbs_post  where post_id =0) [ RunTime:0.0051s ]
SQL: SELECT count(post_id) as a ,comment_time  from bbs_comment where post_id = 0 [ RunTime:0.0290s ]
SQL: select * from bbs_theme a ,bbs_plates b where a.plates_id = b.plates_id and a.theme_id in (SELECT theme_id from bbs_post  where post_id =5) [ RunTime:0.0009s ]
SQL: SELECT count(post_id) as a ,comment_time  from bbs_comment where post_id = 5 [ RunTime:0.0004s ]
SQL: select * from bbs_theme a ,bbs_plates b where a.plates_id = b.plates_id and a.theme_id in (SELECT theme_id from bbs_post  where post_id =6) [ RunTime:0.0005s ]
SQL: SELECT count(post_id) as a ,comment_time  from bbs_comment where post_id = 6 [ RunTime:0.0004s ]
INFO: Run Behavior\ParseTemplateBehavior [ RunTime:0.149750s ]
INFO: [ view_parse ] --END-- [ RunTime:0.149809s ]
INFO: [ view_filter ] --START--
INFO: Run Behavior\WriteHtmlCacheBehavior [ RunTime:0.000866s ]
INFO: [ view_filter ] --END-- [ RunTime:0.000938s ]
INFO: [ app_end ] --START--
INFO: Run Behavior\ShowPageTraceBehavior [ RunTime:0.000990s ]
INFO: [ app_end ] --END-- [ RunTime:0.001060s ]

