[ 2016-05-21T13:19:29+08:00 ] ::1 /bbs/Public/Uploads/.JPG
INFO: [ app_init ] --START--
INFO: Run Behavior\BuildLiteBehavior [ RunTime:0.000025s ]
INFO: [ app_init ] --END-- [ RunTime:0.000784s ]
ERR: 无法加载模块:Public

[ 2016-05-21T13:19:30+08:00 ] ::1 /bbs/Public/Uploads/.JPG
INFO: [ app_init ] --START--
INFO: Run Behavior\BuildLiteBehavior [ RunTime:0.000023s ]
INFO: [ app_init ] --END-- [ RunTime:0.000696s ]
ERR: 无法加载模块:Public

[ 2016-05-21T13:19:38+08:00 ] ::1 /BBS/Public/Js/qqFace.js
INFO: [ app_init ] --START--
INFO: Run Behavior\BuildLiteBehavior [ RunTime:0.000015s ]
INFO: [ app_init ] --END-- [ RunTime:0.000613s ]
ERR: 无法加载模块:Public

[ 2016-05-21T14:53:52+08:00 ] ::1 /BBS/Public/img/xgxt_login_bg.jpg
INFO: [ app_init ] --START--
INFO: Run Behavior\BuildLiteBehavior [ RunTime:0.000026s ]
INFO: [ app_init ] --END-- [ RunTime:0.000565s ]
ERR: 无法加载模块:Public

[ 2016-05-21T15:05:38+08:00 ] ::1 /BBS/Public/Uploads/.JPG
INFO: [ app_init ] --START--
INFO: Run Behavior\BuildLiteBehavior [ RunTime:0.000016s ]
INFO: [ app_init ] --END-- [ RunTime:0.000511s ]
ERR: 无法加载模块:Public

[ 2016-05-21T15:05:38+08:00 ] ::1 /BBS/Public/Uploads/.JPG
INFO: [ app_init ] --START--
INFO: Run Behavior\BuildLiteBehavior [ RunTime:0.000027s ]
INFO: [ app_init ] --END-- [ RunTime:0.001246s ]
ERR: 无法加载模块:Public

[ 2016-05-21T15:05:43+08:00 ] ::1 /BBS/Public/Uploads/.JPG
INFO: [ app_init ] --START--
INFO: Run Behavior\BuildLiteBehavior [ RunTime:0.000035s ]
INFO: [ app_init ] --END-- [ RunTime:0.001090s ]
ERR: 无法加载模块:Public

[ 2016-05-21T15:05:43+08:00 ] ::1 /BBS/Public/Uploads/.JPG
INFO: [ app_init ] --START--
INFO: Run Behavior\BuildLiteBehavior [ RunTime:0.000061s ]
INFO: [ app_init ] --END-- [ RunTime:0.001456s ]
ERR: 无法加载模块:Public

[ 2016-05-21T15:05:46+08:00 ] ::1 /BBS/Public/Uploads/.JPG
INFO: [ app_init ] --START--
INFO: Run Behavior\BuildLiteBehavior [ RunTime:0.000024s ]
INFO: [ app_init ] --END-- [ RunTime:0.000800s ]
ERR: 无法加载模块:Public

[ 2016-05-21T15:05:47+08:00 ] ::1 /BBS/Public/Uploads/.JPG
INFO: [ app_init ] --START--
INFO: Run Behavior\BuildLiteBehavior [ RunTime:0.000024s ]
INFO: [ app_init ] --END-- [ RunTime:0.000775s ]
ERR: 无法加载模块:Public

[ 2016-05-21T15:05:48+08:00 ] ::1 /BBS/Public/Uploads/.JPG
INFO: [ app_init ] --START--
INFO: Run Behavior\BuildLiteBehavior [ RunTime:0.000053s ]
INFO: [ app_init ] --END-- [ RunTime:0.001160s ]
ERR: 无法加载模块:Public

[ 2016-05-21T15:05:48+08:00 ] ::1 /BBS/Public/Uploads/.JPG
INFO: [ app_init ] --START--
INFO: Run Behavior\BuildLiteBehavior [ RunTime:0.000028s ]
INFO: [ app_init ] --END-- [ RunTime:0.001472s ]
ERR: 无法加载模块:Public

[ 2016-05-21T15:05:48+08:00 ] ::1 /BBS/Public/Uploads/.JPG
INFO: [ app_init ] --START--
INFO: Run Behavior\BuildLiteBehavior [ RunTime:0.001480s ]
INFO: [ app_init ] --END-- [ RunTime:0.003790s ]
ERR: 无法加载模块:Public

[ 2016-05-21T15:05:49+08:00 ] ::1 /BBS/Public/Uploads/.JPG
INFO: [ app_init ] --START--
INFO: Run Behavior\BuildLiteBehavior [ RunTime:0.000018s ]
INFO: [ app_init ] --END-- [ RunTime:0.000621s ]
ERR: 无法加载模块:Public

