[ 2016-05-13T10:54:35+08:00 ] ::1 /BBS/Public/img/xgxt_login_bg.jpg
INFO: [ app_init ] --START--
INFO: Run Behavior\BuildLiteBehavior [ RunTime:0.000023s ]
INFO: [ app_init ] --END-- [ RunTime:0.000666s ]
ERR: 无法加载模块:Public

[ 2016-05-13T10:55:38+08:00 ] ::1 /BBS/Public/Uploads/.JPG
INFO: [ app_init ] --START--
INFO: Run Behavior\BuildLiteBehavior [ RunTime:0.000023s ]
INFO: [ app_init ] --END-- [ RunTime:0.000710s ]
ERR: 无法加载模块:Public

[ 2016-05-13T10:55:39+08:00 ] ::1 /BBS/Public/Uploads/.JPG
INFO: [ app_init ] --START--
INFO: Run Behavior\BuildLiteBehavior [ RunTime:0.000021s ]
INFO: [ app_init ] --END-- [ RunTime:0.000673s ]
ERR: 无法加载模块:Public

[ 2016-05-13T10:55:50+08:00 ] ::1 /BBS/Public/Uploads/.JPG
INFO: [ app_init ] --START--
INFO: Run Behavior\BuildLiteBehavior [ RunTime:0.000017s ]
INFO: [ app_init ] --END-- [ RunTime:0.000701s ]
ERR: 无法加载模块:Public

[ 2016-05-13T10:57:17+08:00 ] ::1 /BBS/Public/Uploads/.JPG
INFO: [ app_init ] --START--
INFO: Run Behavior\BuildLiteBehavior [ RunTime:0.000055s ]
INFO: [ app_init ] --END-- [ RunTime:0.001735s ]
ERR: 无法加载模块:Public

[ 2016-05-13T10:58:22+08:00 ] ::1 /BBS/Public/Uploads/.JPG
INFO: [ app_init ] --START--
INFO: Run Behavior\BuildLiteBehavior [ RunTime:0.000022s ]
INFO: [ app_init ] --END-- [ RunTime:0.000690s ]
ERR: 无法加载模块:Public

[ 2016-05-13T10:58:26+08:00 ] ::1 /BBS/Public/Uploads/.JPG
INFO: [ app_init ] --START--
INFO: Run Behavior\BuildLiteBehavior [ RunTime:0.000027s ]
INFO: [ app_init ] --END-- [ RunTime:0.000768s ]
ERR: 无法加载模块:Public

[ 2016-05-13T12:07:10+08:00 ] ::1 /BBS/Public/Uploads/.JPG
INFO: [ app_init ] --START--
INFO: Run Behavior\BuildLiteBehavior [ RunTime:0.000025s ]
INFO: [ app_init ] --END-- [ RunTime:0.001360s ]
ERR: 无法加载模块:Public

[ 2016-05-13T12:07:10+08:00 ] ::1 /BBS/Public/Uploads/.JPG
INFO: [ app_init ] --START--
INFO: Run Behavior\BuildLiteBehavior [ RunTime:0.000029s ]
INFO: [ app_init ] --END-- [ RunTime:0.001400s ]
ERR: 无法加载模块:Public

[ 2016-05-13T12:07:51+08:00 ] ::1 /BBS/Public/Uploads/.JPG
INFO: [ app_init ] --START--
INFO: Run Behavior\BuildLiteBehavior [ RunTime:0.000025s ]
INFO: [ app_init ] --END-- [ RunTime:0.000811s ]
ERR: 无法加载模块:Public

[ 2016-05-13T12:07:51+08:00 ] ::1 /BBS/Public/Uploads/.JPG
INFO: [ app_init ] --START--
INFO: Run Behavior\BuildLiteBehavior [ RunTime:0.000037s ]
INFO: [ app_init ] --END-- [ RunTime:0.001023s ]
ERR: 无法加载模块:Public

[ 2016-05-13T12:07:53+08:00 ] ::1 /BBS/Public/Uploads/.JPG
INFO: [ app_init ] --START--
INFO: Run Behavior\BuildLiteBehavior [ RunTime:0.000028s ]
INFO: [ app_init ] --END-- [ RunTime:0.001489s ]
ERR: 无法加载模块:Public

[ 2016-05-13T12:08:21+08:00 ] ::1 /BBS/Public/Uploads/.JPG
INFO: [ app_init ] --START--
INFO: Run Behavior\BuildLiteBehavior [ RunTime:0.000038s ]
INFO: [ app_init ] --END-- [ RunTime:0.001267s ]
ERR: 无法加载模块:Public

[ 2016-05-13T12:08:22+08:00 ] ::1 /BBS/Public/Uploads/.JPG
INFO: [ app_init ] --START--
INFO: Run Behavior\BuildLiteBehavior [ RunTime:0.000028s ]
INFO: [ app_init ] --END-- [ RunTime:0.000782s ]
ERR: 无法加载模块:Public

[ 2016-05-13T12:08:23+08:00 ] ::1 /BBS/Public/Uploads/.JPG
INFO: [ app_init ] --START--
INFO: Run Behavior\BuildLiteBehavior [ RunTime:0.000025s ]
INFO: [ app_init ] --END-- [ RunTime:0.000865s ]
ERR: 无法加载模块:Public

[ 2016-05-13T12:08:23+08:00 ] ::1 /BBS/Public/Uploads/.JPG
INFO: [ app_init ] --START--
INFO: Run Behavior\BuildLiteBehavior [ RunTime:0.000015s ]
INFO: [ app_init ] --END-- [ RunTime:0.000505s ]
ERR: 无法加载模块:Public

[ 2016-05-13T12:08:58+08:00 ] ::1 /BBS/Public/Uploads/.JPG
INFO: [ app_init ] --START--
INFO: Run Behavior\BuildLiteBehavior [ RunTime:0.000019s ]
INFO: [ app_init ] --END-- [ RunTime:0.000690s ]
ERR: 无法加载模块:Public

[ 2016-05-13T12:14:05+08:00 ] ::1 /BBS/Public/Uploads/.JPG
INFO: [ app_init ] --START--
INFO: Run Behavior\BuildLiteBehavior [ RunTime:0.000017s ]
INFO: [ app_init ] --END-- [ RunTime:0.000556s ]
ERR: 无法加载模块:Public

[ 2016-05-13T12:14:06+08:00 ] ::1 /BBS/Public/Uploads/.JPG
INFO: [ app_init ] --START--
INFO: Run Behavior\BuildLiteBehavior [ RunTime:0.000025s ]
INFO: [ app_init ] --END-- [ RunTime:0.000722s ]
ERR: 无法加载模块:Public

[ 2016-05-13T12:14:15+08:00 ] ::1 /BBS/Public/Uploads/.JPG
INFO: [ app_init ] --START--
INFO: Run Behavior\BuildLiteBehavior [ RunTime:0.000025s ]
INFO: [ app_init ] --END-- [ RunTime:0.000873s ]
ERR: 无法加载模块:Public

[ 2016-05-13T12:14:39+08:00 ] ::1 /BBS/Public/Uploads/.JPG
INFO: [ app_init ] --START--
INFO: Run Behavior\BuildLiteBehavior [ RunTime:0.000025s ]
INFO: [ app_init ] --END-- [ RunTime:0.000893s ]
ERR: 无法加载模块:Public

[ 2016-05-13T12:15:09+08:00 ] ::1 /BBS/Public/Uploads/.JPG
INFO: [ app_init ] --START--
INFO: Run Behavior\BuildLiteBehavior [ RunTime:0.000029s ]
INFO: [ app_init ] --END-- [ RunTime:0.001212s ]
ERR: 无法加载模块:Public

[ 2016-05-13T12:15:10+08:00 ] ::1 /BBS/Public/Uploads/.JPG
INFO: [ app_init ] --START--
INFO: Run Behavior\BuildLiteBehavior [ RunTime:0.000026s ]
INFO: [ app_init ] --END-- [ RunTime:0.000883s ]
ERR: 无法加载模块:Public

[ 2016-05-13T12:16:25+08:00 ] ::1 /BBS/Public/Uploads/.JPG
INFO: [ app_init ] --START--
INFO: Run Behavior\BuildLiteBehavior [ RunTime:0.000043s ]
INFO: [ app_init ] --END-- [ RunTime:0.001701s ]
ERR: 无法加载模块:Public

[ 2016-05-13T16:06:21+08:00 ] ::1 /BBS/Public/Uploads/.JPG
INFO: [ app_init ] --START--
INFO: Run Behavior\BuildLiteBehavior [ RunTime:0.000024s ]
INFO: [ app_init ] --END-- [ RunTime:0.000911s ]
ERR: 无法加载模块:Public

[ 2016-05-13T16:06:21+08:00 ] ::1 /BBS/Public/Uploads/.JPG
INFO: [ app_init ] --START--
INFO: Run Behavior\BuildLiteBehavior [ RunTime:0.000025s ]
INFO: [ app_init ] --END-- [ RunTime:0.000836s ]
ERR: 无法加载模块:Public

[ 2016-05-13T16:06:38+08:00 ] ::1 /BBS/Public/Uploads/lan.JPG
INFO: [ app_init ] --START--
INFO: Run Behavior\BuildLiteBehavior [ RunTime:0.000041s ]
INFO: [ app_init ] --END-- [ RunTime:0.000966s ]
ERR: 无法加载模块:Public

[ 2016-05-13T16:07:03+08:00 ] ::1 /BBS/Public/Uploads/lan.JPG
INFO: [ app_init ] --START--
INFO: Run Behavior\BuildLiteBehavior [ RunTime:0.000029s ]
INFO: [ app_init ] --END-- [ RunTime:0.000949s ]
ERR: 无法加载模块:Public

[ 2016-05-13T16:08:02+08:00 ] ::1 /BBS/Public/Uploads/lan.JPG
INFO: [ app_init ] --START--
INFO: Run Behavior\BuildLiteBehavior [ RunTime:0.000016s ]
INFO: [ app_init ] --END-- [ RunTime:0.000603s ]
ERR: 无法加载模块:Public

[ 2016-05-13T16:08:02+08:00 ] ::1 /BBS/Public/Uploads/lan.JPG
INFO: [ app_init ] --START--
INFO: Run Behavior\BuildLiteBehavior [ RunTime:0.000016s ]
INFO: [ app_init ] --END-- [ RunTime:0.000515s ]
ERR: 无法加载模块:Public

[ 2016-05-13T16:10:17+08:00 ] ::1 /BBS/Public/Uploads/sm.JPG
INFO: [ app_init ] --START--
INFO: Run Behavior\BuildLiteBehavior [ RunTime:0.000022s ]
INFO: [ app_init ] --END-- [ RunTime:0.000626s ]
ERR: 无法加载模块:Public

[ 2016-05-13T16:10:22+08:00 ] ::1 /BBS/Public/Js/qqFace.js
INFO: [ app_init ] --START--
INFO: Run Behavior\BuildLiteBehavior [ RunTime:0.000024s ]
INFO: [ app_init ] --END-- [ RunTime:0.000759s ]
ERR: 无法加载模块:Public

[ 2016-05-13T16:10:22+08:00 ] ::1 /BBS/Public/Uploads/sm.JPG
INFO: [ app_init ] --START--
INFO: Run Behavior\BuildLiteBehavior [ RunTime:0.000026s ]
INFO: [ app_init ] --END-- [ RunTime:0.000833s ]
ERR: 无法加载模块:Public

[ 2016-05-13T16:10:25+08:00 ] ::1 /BBS/Public/Uploads/sm.JPG
INFO: [ app_init ] --START--
INFO: Run Behavior\BuildLiteBehavior [ RunTime:0.000031s ]
INFO: [ app_init ] --END-- [ RunTime:0.000905s ]
ERR: 无法加载模块:Public

[ 2016-05-13T16:10:53+08:00 ] ::1 /BBS/Public/Uploads/.JPG
INFO: [ app_init ] --START--
INFO: Run Behavior\BuildLiteBehavior [ RunTime:0.000027s ]
INFO: [ app_init ] --END-- [ RunTime:0.000977s ]
ERR: 无法加载模块:Public

[ 2016-05-13T17:09:30+08:00 ] ::1 /BBS/Public/Uploads/.JPG
INFO: [ app_init ] --START--
INFO: Run Behavior\BuildLiteBehavior [ RunTime:0.000025s ]
INFO: [ app_init ] --END-- [ RunTime:0.000834s ]
ERR: 无法加载模块:Public

[ 2016-05-13T17:09:39+08:00 ] ::1 /BBS/Public/Uploads/.JPG
INFO: [ app_init ] --START--
INFO: Run Behavior\BuildLiteBehavior [ RunTime:0.000017s ]
INFO: [ app_init ] --END-- [ RunTime:0.000586s ]
ERR: 无法加载模块:Public

