[ 2016-06-04T00:00:17+08:00 ] ::1 /BBS/Public/Js/qqFace.js
INFO: [ app_init ] --START--
INFO: Run Behavior\BuildLiteBehavior [ RunTime:0.000016s ]
INFO: [ app_init ] --END-- [ RunTime:0.000486s ]
ERR: 无法加载模块:Public

[ 2016-06-04T00:01:18+08:00 ] ::1 /BBS/Public/Js/qqFace.js
INFO: [ app_init ] --START--
INFO: Run Behavior\BuildLiteBehavior [ RunTime:0.000016s ]
INFO: [ app_init ] --END-- [ RunTime:0.000617s ]
ERR: 无法加载模块:Public

[ 2016-06-04T01:30:16+08:00 ] ::1 /BBS/Public/Js/qqFace.js
INFO: [ app_init ] --START--
INFO: Run Behavior\BuildLiteBehavior [ RunTime:0.000034s ]
INFO: [ app_init ] --END-- [ RunTime:0.001001s ]
ERR: 无法加载模块:Public

[ 2016-06-04T01:37:49+08:00 ] ::1 /BBS/Public/Js/qqFace.js
INFO: [ app_init ] --START--
INFO: Run Behavior\BuildLiteBehavior [ RunTime:0.000025s ]
INFO: [ app_init ] --END-- [ RunTime:0.000777s ]
ERR: 无法加载模块:Public

[ 2016-06-04T01:38:00+08:00 ] ::1 /BBS/Public/Js/qqFace.js
INFO: [ app_init ] --START--
INFO: Run Behavior\BuildLiteBehavior [ RunTime:0.000026s ]
INFO: [ app_init ] --END-- [ RunTime:0.000746s ]
ERR: 无法加载模块:Public

[ 2016-06-04T01:52:19+08:00 ] ::1 /BBS/Public/Js/qqFace.js
INFO: [ app_init ] --START--
INFO: Run Behavior\BuildLiteBehavior [ RunTime:0.000023s ]
INFO: [ app_init ] --END-- [ RunTime:0.000817s ]
ERR: 无法加载模块:Public

[ 2016-06-04T01:52:50+08:00 ] ::1 /BBS/Public/img/xgxt_login_bg.jpg
INFO: [ app_init ] --START--
INFO: Run Behavior\BuildLiteBehavior [ RunTime:0.000036s ]
INFO: [ app_init ] --END-- [ RunTime:0.000925s ]
ERR: 无法加载模块:Public

[ 2016-06-04T01:59:55+08:00 ] ::1 /BBS/Public/img/xgxt_login_bg.jpg
INFO: [ app_init ] --START--
INFO: Run Behavior\BuildLiteBehavior [ RunTime:0.000017s ]
INFO: [ app_init ] --END-- [ RunTime:0.000612s ]
ERR: 无法加载模块:Public

[ 2016-06-04T09:07:20+08:00 ] ::1 /BBS/Public/Js/qqFace.js
INFO: [ app_init ] --START--
INFO: Run Behavior\BuildLiteBehavior [ RunTime:0.000038s ]
INFO: [ app_init ] --END-- [ RunTime:0.001490s ]
ERR: 无法加载模块:Public

[ 2016-06-04T09:09:32+08:00 ] ::1 /BBS/Public/Js/qqFace.js
INFO: [ app_init ] --START--
INFO: Run Behavior\BuildLiteBehavior [ RunTime:0.000023s ]
INFO: [ app_init ] --END-- [ RunTime:0.000708s ]
ERR: 无法加载模块:Public

[ 2016-06-04T09:42:49+08:00 ] ::1 /BBS/Public/img/xgxt_login_bg.jpg
INFO: [ app_init ] --START--
INFO: Run Behavior\BuildLiteBehavior [ RunTime:0.000018s ]
INFO: [ app_init ] --END-- [ RunTime:0.000737s ]
ERR: 无法加载模块:Public

[ 2016-06-04T11:07:42+08:00 ] ::1 /BBS/Public/img/xgxt_login_bg.jpg
INFO: [ app_init ] --START--
INFO: Run Behavior\BuildLiteBehavior [ RunTime:0.000028s ]
INFO: [ app_init ] --END-- [ RunTime:0.001156s ]
ERR: 无法加载模块:Public

[ 2016-06-04T11:36:14+08:00 ] ::1 /BBS/Public/Js/qqFace.js
INFO: [ app_init ] --START--
INFO: Run Behavior\BuildLiteBehavior [ RunTime:0.000024s ]
INFO: [ app_init ] --END-- [ RunTime:0.000742s ]
ERR: 无法加载模块:Public

